0 info it worked if it ends with ok
1 verbose cli [ '/Users/raphael.amorim/.nvm/versions/node/v7.7.4/bin/node',
1 verbose cli   '/Users/raphael.amorim/.nvm/versions/node/v7.7.4/bin/npm',
1 verbose cli   'run',
1 verbose cli   'test-unit' ]
2 info using npm@4.1.2
3 info using node@v7.7.4
4 verbose run-script [ 'pretest-unit', 'test-unit', 'posttest-unit' ]
5 info lifecycle elekid@0.2.4-rc~pretest-unit: elekid@0.2.4-rc
6 silly lifecycle elekid@0.2.4-rc~pretest-unit: no script for pretest-unit, continuing
7 info lifecycle elekid@0.2.4-rc~test-unit: elekid@0.2.4-rc
8 verbose lifecycle elekid@0.2.4-rc~test-unit: unsafe-perm in lifecycle true
9 verbose lifecycle elekid@0.2.4-rc~test-unit: PATH: /Users/raphael.amorim/.nvm/versions/node/v7.7.4/lib/node_modules/npm/bin/node-gyp-bin:/Users/raphael.amorim/Documents/life/elekid/node_modules/.bin:/Users/raphael.amorim/.nvm/versions/node/v7.7.4/bin:/Users/raphael.amorim/.rvm/gems/ruby-2.1.2/bin:/Users/raphael.amorim/.rvm/gems/ruby-2.1.2@global/bin:/Users/raphael.amorim/.rvm/rubies/ruby-2.1.2/bin:/Users/raphael.amorim/bin:/usr/local/bin:/usr/bin:/bin:/usr/sbin:/sbin:/usr/local/go/bin:/Users/raphael.amorim/.rvm/bin:/usr/local/opt/fzf/bin
10 verbose lifecycle elekid@0.2.4-rc~test-unit: CWD: /Users/raphael.amorim/Documents/life/elekid
11 silly lifecycle elekid@0.2.4-rc~test-unit: Args: [ '-c', 'mocha' ]
12 silly lifecycle elekid@0.2.4-rc~test-unit: Returned: code: 1  signal: null
13 info lifecycle elekid@0.2.4-rc~test-unit: Failed to exec test-unit script
14 verbose stack Error: elekid@0.2.4-rc test-unit: `mocha`
14 verbose stack Exit status 1
14 verbose stack     at EventEmitter.<anonymous> (/Users/raphael.amorim/.nvm/versions/node/v7.7.4/lib/node_modules/npm/lib/utils/lifecycle.js:279:16)
14 verbose stack     at emitTwo (events.js:106:13)
14 verbose stack     at EventEmitter.emit (events.js:194:7)
14 verbose stack     at ChildProcess.<anonymous> (/Users/raphael.amorim/.nvm/versions/node/v7.7.4/lib/node_modules/npm/lib/utils/spawn.js:40:14)
14 verbose stack     at emitTwo (events.js:106:13)
14 verbose stack     at ChildProcess.emit (events.js:194:7)
14 verbose stack     at maybeClose (internal/child_process.js:899:16)
14 verbose stack     at Process.ChildProcess._handle.onexit (internal/child_process.js:226:5)
15 verbose pkgid elekid@0.2.4-rc
16 verbose cwd /Users/raphael.amorim/Documents/life/elekid
17 error Darwin 15.6.0
18 error argv "/Users/raphael.amorim/.nvm/versions/node/v7.7.4/bin/node" "/Users/raphael.amorim/.nvm/versions/node/v7.7.4/bin/npm" "run" "test-unit"
19 error node v7.7.4
20 error npm  v4.1.2
21 error code ELIFECYCLE
22 error elekid@0.2.4-rc test-unit: `mocha`
22 error Exit status 1
23 error Failed at the elekid@0.2.4-rc test-unit script 'mocha'.
23 error Make sure you have the latest version of node.js and npm installed.
23 error If you do, this is most likely a problem with the elekid package,
23 error not with npm itself.
23 error Tell the author that this fails on your system:
23 error     mocha
23 error You can get information on how to open an issue for this project with:
23 error     npm bugs elekid
23 error Or if that isn't available, you can get their info via:
23 error     npm owner ls elekid
23 error There is likely additional logging output above.
24 verbose exit [ 1, true ]
